11:09:16
2025-08-12 11:09:19.071909: E external/local_xla/xla/stream_executor/cuda/cuda_dnn.cc:9261] Unable to register cuDNN factory: Attempting to register factory for plugin cuDNN when one has already been registered
2025-08-12 11:09:19.071971: E external/local_xla/xla/stream_executor/cuda/cuda_fft.cc:607] Unable to register cuFFT factory: Attempting to register factory for plugin cuFFT when one has already been registered
2025-08-12 11:09:19.072536: E external/local_xla/xla/stream_executor/cuda/cuda_blas.cc:1515] Unable to register cuBLAS factory: Attempting to register factory for plugin cuBLAS when one has already been registered
2025-08-12 11:09:19.076792: I tensorflow/core/platform/cpu_feature_guard.cc:182] This TensorFlow binary is optimized to use available CPU instructions in performance-critical operations.
To enable the following instructions: SSE4.1 SSE4.2 AVX AVX2 FMA, in other operations, rebuild TensorFlow with the appropriate compiler flags.
2025-08-12 11:09:28.305289: I tensorflow/core/common_runtime/gpu/gpu_device.cc:1929] Created device /job:localhost/replica:0/task:0/device:GPU:0 with 79077 MB memory:  -> device: 0, name: NVIDIA A100-SXM4-80GB, pci bus id: 0000:01:00.0, compute capability: 8.0
2025-08-12 11:09:29.476500: I external/local_xla/xla/stream_executor/cuda/cuda_dnn.cc:454] Loaded cuDNN version 8907
2025-08-12 11:09:30.179281: I external/local_xla/xla/service/service.cc:168] XLA service 0x14cb31431550 initialized for platform CUDA (this does not guarantee that XLA will be used). Devices:
2025-08-12 11:09:30.179334: I external/local_xla/xla/service/service.cc:176]   StreamExecutor device (0): NVIDIA A100-SXM4-80GB, Compute Capability 8.0
2025-08-12 11:09:30.183831: I tensorflow/compiler/mlir/tensorflow/utils/dump_mlir_util.cc:269] disabling MLIR crash reproducer, set env var `MLIR_CRASH_REPRODUCER_DIRECTORY` to enable.
WARNING: All log messages before absl::InitializeLog() is called are written to STDERR
I0000 00:00:1755011370.259103 2070470 device_compiler.h:186] Compiled cluster using XLA!  This line is logged at most once for the lifetime of the process.
/home/vianajr/cluster_ages_1/1_single_case/batch_runs/single_case_1im_Copy_C2.py:414: RuntimeWarning: More than 20 figures have been opened. Figures created through the pyplot interface (`matplotlib.pyplot.figure`) are retained until explicitly closed and may consume too much memory. (To control this warning, see the rcParam `figure.max_open_warning`). Consider using `matplotlib.pyplot.close()`.
  plt.figure(figsize=(6, 6))


--------------------------------------
SINGLE -------------------------------
1-im case ----------------------------

Params:

flag_remove_extremes:  True
flag_use_augmented:  False

flag_black:  True

flag_black_inner:  True
R:  6

Normalization by
single-image

arr_learn_rates:  [1e-06]
arr_epochs:  [200]
batch_size:  32
patience:  30

--------------------------------------


X.shape:  (8651, 112, 112)

New X.shape after removing young clusters:  (4362, 112, 112)

Shape of X_tr: (3053, 112, 112)
Shape of X_vl: (654, 112, 112)
Shape of X_ts: (655, 112, 112)

Shape of Y_tr: (3053,)
Shape of Y_vl: (654,)
Shape of Y_ts: (655,)

Shape of use_X_tr: (3053, 112, 112)
Shape of use_X_vl: (654, 112, 112)
Shape of use_X_ts: (655, 112, 112)

Shape of use_Y_tr: (3053,)
Shape of use_Y_vl: (654,)
Shape of use_Y_ts: (655,)

nrm_X_tr.shape
(3053, 112, 112)

nrm_X_tr.shape
(3053, 112, 112)


MODEL 0

Training Finished

Tr. Final MSE (nrm. units): 0.03266682103276253
Vl. Final MSE (nrm. units): 0.04377271234989166
Ts. Final MSE (nrm. units): 0.045539382845163345
Tr. Final MdAE (dnrm. units): 0.47238741874694823
Vl. Final MdAE (dnrm. units): 0.5194888234138488
Ts. Final MdAE (dnrm. units): 0.5210067796707153

MODEL 1

Training Finished

Tr. Final MSE (nrm. units): 0.03332497179508209
Vl. Final MSE (nrm. units): 0.0439082607626915
Ts. Final MSE (nrm. units): 0.04543546587228775
Tr. Final MdAE (dnrm. units): 0.4810411548614502
Vl. Final MdAE (dnrm. units): 0.5232583141326904
Ts. Final MdAE (dnrm. units): 0.5313997888565063

MODEL 2

Training Finished

Tr. Final MSE (nrm. units): 0.03396693244576454
Vl. Final MSE (nrm. units): 0.043952081352472305
Ts. Final MSE (nrm. units): 0.0453704334795475
Tr. Final MdAE (dnrm. units): 0.4815392065048218
Vl. Final MdAE (dnrm. units): 0.5163697838783264
Ts. Final MdAE (dnrm. units): 0.5327390575408936

MODEL 3

Training Finished

Tr. Final MSE (nrm. units): 0.031213706359267235
Vl. Final MSE (nrm. units): 0.04381497949361801
Ts. Final MSE (nrm. units): 0.0458390899002552
Tr. Final MdAE (dnrm. units): 0.4648775672912598
Vl. Final MdAE (dnrm. units): 0.5287354612350463
Ts. Final MdAE (dnrm. units): 0.5234991693496704

MODEL 4

Training Finished

Tr. Final MSE (nrm. units): 0.032386671751737595
Vl. Final MSE (nrm. units): 0.04359865561127663
Ts. Final MSE (nrm. units): 0.045959826558828354
Tr. Final MdAE (dnrm. units): 0.4775228214263916
Vl. Final MdAE (dnrm. units): 0.5206049990653991
Ts. Final MdAE (dnrm. units): 0.5259382724761963
