11:06:16
2025-08-12 11:06:18.619250: E external/local_xla/xla/stream_executor/cuda/cuda_dnn.cc:9261] Unable to register cuDNN factory: Attempting to register factory for plugin cuDNN when one has already been registered
2025-08-12 11:06:18.619318: E external/local_xla/xla/stream_executor/cuda/cuda_fft.cc:607] Unable to register cuFFT factory: Attempting to register factory for plugin cuFFT when one has already been registered
2025-08-12 11:06:18.619898: E external/local_xla/xla/stream_executor/cuda/cuda_blas.cc:1515] Unable to register cuBLAS factory: Attempting to register factory for plugin cuBLAS when one has already been registered
2025-08-12 11:06:18.624117: I tensorflow/core/platform/cpu_feature_guard.cc:182] This TensorFlow binary is optimized to use available CPU instructions in performance-critical operations.
To enable the following instructions: SSE4.1 SSE4.2 AVX AVX2 FMA, in other operations, rebuild TensorFlow with the appropriate compiler flags.
2025-08-12 11:06:29.640076: I tensorflow/core/common_runtime/gpu/gpu_device.cc:1929] Created device /job:localhost/replica:0/task:0/device:GPU:0 with 79077 MB memory:  -> device: 0, name: NVIDIA A100-SXM4-80GB, pci bus id: 0000:01:00.0, compute capability: 8.0
2025-08-12 11:06:30.810248: I external/local_xla/xla/stream_executor/cuda/cuda_dnn.cc:454] Loaded cuDNN version 8907
2025-08-12 11:06:31.522885: I external/local_xla/xla/service/service.cc:168] XLA service 0x14c819414aa0 initialized for platform CUDA (this does not guarantee that XLA will be used). Devices:
2025-08-12 11:06:31.522954: I external/local_xla/xla/service/service.cc:176]   StreamExecutor device (0): NVIDIA A100-SXM4-80GB, Compute Capability 8.0
2025-08-12 11:06:31.527406: I tensorflow/compiler/mlir/tensorflow/utils/dump_mlir_util.cc:269] disabling MLIR crash reproducer, set env var `MLIR_CRASH_REPRODUCER_DIRECTORY` to enable.
WARNING: All log messages before absl::InitializeLog() is called are written to STDERR
I0000 00:00:1755011191.604785  730296 device_compiler.h:186] Compiled cluster using XLA!  This line is logged at most once for the lifetime of the process.
/home/vianajr/cluster_ages_1/1_single_case/batch_runs/single_case_1im_Copy_B2.py:414: RuntimeWarning: More than 20 figures have been opened. Figures created through the pyplot interface (`matplotlib.pyplot.figure`) are retained until explicitly closed and may consume too much memory. (To control this warning, see the rcParam `figure.max_open_warning`). Consider using `matplotlib.pyplot.close()`.
  plt.figure(figsize=(6, 6))


--------------------------------------
SINGLE -------------------------------
1-im case ----------------------------

Params:

flag_remove_extremes:  True
flag_use_augmented:  False

flag_black:  True

flag_black_inner:  False
R:  6

Normalization by
single-image

arr_learn_rates:  [1e-06]
arr_epochs:  [200]
batch_size:  32
patience:  30

--------------------------------------


X.shape:  (8651, 112, 112)

New X.shape after removing young clusters:  (4362, 112, 112)

Shape of X_tr: (3053, 112, 112)
Shape of X_vl: (654, 112, 112)
Shape of X_ts: (655, 112, 112)

Shape of Y_tr: (3053,)
Shape of Y_vl: (654,)
Shape of Y_ts: (655,)

Shape of use_X_tr: (3053, 112, 112)
Shape of use_X_vl: (654, 112, 112)
Shape of use_X_ts: (655, 112, 112)

Shape of use_Y_tr: (3053,)
Shape of use_Y_vl: (654,)
Shape of use_Y_ts: (655,)

nrm_X_tr.shape
(3053, 112, 112)

nrm_X_tr.shape
(3053, 112, 112)


MODEL 0

Training Finished

Tr. Final MSE (nrm. units): 0.04149363934993744
Vl. Final MSE (nrm. units): 0.04544002562761307
Ts. Final MSE (nrm. units): 0.04475165903568268
Tr. Final MdAE (dnrm. units): 0.5039373207092285
Vl. Final MdAE (dnrm. units): 0.4957766628265381
Ts. Final MdAE (dnrm. units): 0.5364151191711426

MODEL 1

Training Finished

Tr. Final MSE (nrm. units): 0.0417257696390152
Vl. Final MSE (nrm. units): 0.045384589582681656
Ts. Final MSE (nrm. units): 0.04504169523715973
Tr. Final MdAE (dnrm. units): 0.5083480262756348
Vl. Final MdAE (dnrm. units): 0.49998878717422485
Ts. Final MdAE (dnrm. units): 0.5340896940231323

MODEL 2

Training Finished

Tr. Final MSE (nrm. units): 0.04206810146570206
Vl. Final MSE (nrm. units): 0.045434121042490005
Ts. Final MSE (nrm. units): 0.04547407478094101
Tr. Final MdAE (dnrm. units): 0.5033319854736328
Vl. Final MdAE (dnrm. units): 0.4904636383056641
Ts. Final MdAE (dnrm. units): 0.5287866163253784

MODEL 3

Training Finished

Tr. Final MSE (nrm. units): 0.04170888662338257
Vl. Final MSE (nrm. units): 0.04542020708322525
Ts. Final MSE (nrm. units): 0.04502694681286812
Tr. Final MdAE (dnrm. units): 0.508045358657837
Vl. Final MdAE (dnrm. units): 0.4952437973022461
Ts. Final MdAE (dnrm. units): 0.5395455265045166

MODEL 4

Training Finished

Tr. Final MSE (nrm. units): 0.04200377315282822
Vl. Final MSE (nrm. units): 0.04538388550281525
Ts. Final MSE (nrm. units): 0.04515426605939865
Tr. Final MdAE (dnrm. units): 0.5051927518844604
Vl. Final MdAE (dnrm. units): 0.48873573303222656
Ts. Final MdAE (dnrm. units): 0.5331255626678467
