10:33:12
2025-08-12 10:33:14.351290: E external/local_xla/xla/stream_executor/cuda/cuda_dnn.cc:9261] Unable to register cuDNN factory: Attempting to register factory for plugin cuDNN when one has already been registered
2025-08-12 10:33:14.351348: E external/local_xla/xla/stream_executor/cuda/cuda_fft.cc:607] Unable to register cuFFT factory: Attempting to register factory for plugin cuFFT when one has already been registered
2025-08-12 10:33:14.351913: E external/local_xla/xla/stream_executor/cuda/cuda_blas.cc:1515] Unable to register cuBLAS factory: Attempting to register factory for plugin cuBLAS when one has already been registered
2025-08-12 10:33:14.356188: I tensorflow/core/platform/cpu_feature_guard.cc:182] This TensorFlow binary is optimized to use available CPU instructions in performance-critical operations.
To enable the following instructions: SSE4.1 SSE4.2 AVX AVX2 FMA, in other operations, rebuild TensorFlow with the appropriate compiler flags.
2025-08-12 10:33:23.441597: I tensorflow/core/common_runtime/gpu/gpu_device.cc:1929] Created device /job:localhost/replica:0/task:0/device:GPU:0 with 79077 MB memory:  -> device: 0, name: NVIDIA A100-SXM4-80GB, pci bus id: 0000:01:00.0, compute capability: 8.0
2025-08-12 10:33:24.681381: I external/local_xla/xla/stream_executor/cuda/cuda_dnn.cc:454] Loaded cuDNN version 8907
2025-08-12 10:33:25.373448: I external/local_xla/xla/service/service.cc:168] XLA service 0x557dde0f0380 initialized for platform CUDA (this does not guarantee that XLA will be used). Devices:
2025-08-12 10:33:25.373486: I external/local_xla/xla/service/service.cc:176]   StreamExecutor device (0): NVIDIA A100-SXM4-80GB, Compute Capability 8.0
2025-08-12 10:33:25.378150: I tensorflow/compiler/mlir/tensorflow/utils/dump_mlir_util.cc:269] disabling MLIR crash reproducer, set env var `MLIR_CRASH_REPRODUCER_DIRECTORY` to enable.
WARNING: All log messages before absl::InitializeLog() is called are written to STDERR
I0000 00:00:1755009205.454014 1780370 device_compiler.h:186] Compiled cluster using XLA!  This line is logged at most once for the lifetime of the process.
/home/vianajr/cluster_ages_1/1_single_case/batch_runs/single_case_1im_Copy_E.py:414: RuntimeWarning: More than 20 figures have been opened. Figures created through the pyplot interface (`matplotlib.pyplot.figure`) are retained until explicitly closed and may consume too much memory. (To control this warning, see the rcParam `figure.max_open_warning`). Consider using `matplotlib.pyplot.close()`.
  plt.figure(figsize=(6, 6))


--------------------------------------
SINGLE -------------------------------
1-im case ----------------------------

Params:

flag_remove_extremes:  False
flag_use_augmented:  False

flag_black:  True

flag_black_inner:  True
R:  12

Normalization by
single-image

arr_learn_rates:  [1e-06]
arr_epochs:  [200]
batch_size:  32
patience:  30

--------------------------------------


X.shape:  (8651, 112, 112)

Shape of X_tr: (6055, 112, 112)
Shape of X_vl: (1298, 112, 112)
Shape of X_ts: (1298, 112, 112)

Shape of Y_tr: (6055,)
Shape of Y_vl: (1298,)
Shape of Y_ts: (1298,)

Shape of use_X_tr: (6055, 112, 112)
Shape of use_X_vl: (1298, 112, 112)
Shape of use_X_ts: (1298, 112, 112)

Shape of use_Y_tr: (6055,)
Shape of use_Y_vl: (1298,)
Shape of use_Y_ts: (1298,)

nrm_X_tr.shape
(6055, 112, 112)

nrm_X_tr.shape
(6055, 112, 112)


MODEL 0

Training Finished

Tr. Final MSE (nrm. units): 0.03895596042275429
Vl. Final MSE (nrm. units): 0.043463531881570816
Ts. Final MSE (nrm. units): 0.042462307959795
Tr. Final MdAE (dnrm. units): 0.9459350633621216
Vl. Final MdAE (dnrm. units): 0.9732440662384033
Ts. Final MdAE (dnrm. units): 0.985968894958496

MODEL 1

Training Finished

Tr. Final MSE (nrm. units): 0.037782423198223114
Vl. Final MSE (nrm. units): 0.0434311181306839
Ts. Final MSE (nrm. units): 0.042593494057655334
Tr. Final MdAE (dnrm. units): 0.9354624795913696
Vl. Final MdAE (dnrm. units): 0.9532040596008301
Ts. Final MdAE (dnrm. units): 0.9767041397094727

MODEL 2

Training Finished

Tr. Final MSE (nrm. units): 0.039092596620321274
Vl. Final MSE (nrm. units): 0.043241579085588455
Ts. Final MSE (nrm. units): 0.04234080761671066
Tr. Final MdAE (dnrm. units): 0.9461965227127075
Vl. Final MdAE (dnrm. units): 0.9648546314239502
Ts. Final MdAE (dnrm. units): 0.9917860102653503

MODEL 3

Training Finished

Tr. Final MSE (nrm. units): 0.0387110561132431
Vl. Final MSE (nrm. units): 0.043627358973026276
Ts. Final MSE (nrm. units): 0.04249154403805733
Tr. Final MdAE (dnrm. units): 0.9460423469543457
Vl. Final MdAE (dnrm. units): 0.9614236879348755
Ts. Final MdAE (dnrm. units): 0.9757098126411438

MODEL 4

Training Finished

Tr. Final MSE (nrm. units): 0.0386928953230381
Vl. Final MSE (nrm. units): 0.043669939041137695
Ts. Final MSE (nrm. units): 0.04239429160952568
Tr. Final MdAE (dnrm. units): 0.9481802034378052
Vl. Final MdAE (dnrm. units): 0.9620634818077087
Ts. Final MdAE (dnrm. units): 0.9710490155220032
