09:51:06
2025-08-12 09:51:09.202718: E external/local_xla/xla/stream_executor/cuda/cuda_dnn.cc:9261] Unable to register cuDNN factory: Attempting to register factory for plugin cuDNN when one has already been registered
2025-08-12 09:51:09.202809: E external/local_xla/xla/stream_executor/cuda/cuda_fft.cc:607] Unable to register cuFFT factory: Attempting to register factory for plugin cuFFT when one has already been registered
2025-08-12 09:51:09.203722: E external/local_xla/xla/stream_executor/cuda/cuda_blas.cc:1515] Unable to register cuBLAS factory: Attempting to register factory for plugin cuBLAS when one has already been registered
2025-08-12 09:51:09.209047: I tensorflow/core/platform/cpu_feature_guard.cc:182] This TensorFlow binary is optimized to use available CPU instructions in performance-critical operations.
To enable the following instructions: SSE4.1 SSE4.2 AVX AVX2 FMA, in other operations, rebuild TensorFlow with the appropriate compiler flags.
2025-08-12 09:51:21.551562: I tensorflow/core/common_runtime/gpu/gpu_device.cc:1929] Created device /job:localhost/replica:0/task:0/device:GPU:0 with 79077 MB memory:  -> device: 0, name: NVIDIA A100-SXM4-80GB, pci bus id: 0000:01:00.0, compute capability: 8.0
2025-08-12 09:51:22.801510: I external/local_xla/xla/stream_executor/cuda/cuda_dnn.cc:454] Loaded cuDNN version 8907
2025-08-12 09:51:23.544545: I external/local_xla/xla/service/service.cc:168] XLA service 0x5610f2f86ba0 initialized for platform CUDA (this does not guarantee that XLA will be used). Devices:
2025-08-12 09:51:23.544626: I external/local_xla/xla/service/service.cc:176]   StreamExecutor device (0): NVIDIA A100-SXM4-80GB, Compute Capability 8.0
2025-08-12 09:51:23.549359: I tensorflow/compiler/mlir/tensorflow/utils/dump_mlir_util.cc:269] disabling MLIR crash reproducer, set env var `MLIR_CRASH_REPRODUCER_DIRECTORY` to enable.
WARNING: All log messages before absl::InitializeLog() is called are written to STDERR
I0000 00:00:1755006683.628679 1511022 device_compiler.h:186] Compiled cluster using XLA!  This line is logged at most once for the lifetime of the process.
/home/vianajr/cluster_ages_1/1_single_case/batch_runs/single_case_1im_Copy_A.py:399: RuntimeWarning: More than 20 figures have been opened. Figures created through the pyplot interface (`matplotlib.pyplot.figure`) are retained until explicitly closed and may consume too much memory. (To control this warning, see the rcParam `figure.max_open_warning`). Consider using `matplotlib.pyplot.close()`.
  plt.figure(figsize=(10, 6))


--------------------------------------
SINGLE -------------------------------
1-im case ----------------------------

Params:

flag_remove_extremes:  False
flag_use_augmented:  False

flag_black:  False

Normalization by
single-image

arr_learn_rates:  [1e-06]
arr_epochs:  [200]
batch_size:  32
patience:  30

--------------------------------------


X.shape:  (8651, 112, 112)

Shape of X_tr: (6055, 112, 112)
Shape of X_vl: (1298, 112, 112)
Shape of X_ts: (1298, 112, 112)

Shape of Y_tr: (6055,)
Shape of Y_vl: (1298,)
Shape of Y_ts: (1298,)

Shape of use_X_tr: (6055, 112, 112)
Shape of use_X_vl: (1298, 112, 112)
Shape of use_X_ts: (1298, 112, 112)

Shape of use_Y_tr: (6055,)
Shape of use_Y_vl: (1298,)
Shape of use_Y_ts: (1298,)

nrm_X_tr.shape
(6055, 112, 112)

nrm_X_tr.shape
(6055, 112, 112)


MODEL 0

Training Finished

Tr. Final MSE (nrm. units): 0.02646874636411667
Vl. Final MSE (nrm. units): 0.035746995359659195
Ts. Final MSE (nrm. units): 0.035813961178064346
Tr. Final MdAE (dnrm. units): 0.7109022903442382
Vl. Final MdAE (dnrm. units): 0.7602541637420654
Ts. Final MdAE (dnrm. units): 0.7990656018257141

MODEL 1

Training Finished

Tr. Final MSE (nrm. units): 0.025083377957344055
Vl. Final MSE (nrm. units): 0.03572061285376549
Ts. Final MSE (nrm. units): 0.035804633051157
Tr. Final MdAE (dnrm. units): 0.6775037002563477
Vl. Final MdAE (dnrm. units): 0.7463747930526733
Ts. Final MdAE (dnrm. units): 0.7839322209358215

MODEL 2

Training Finished

Tr. Final MSE (nrm. units): 0.025420034304261208
Vl. Final MSE (nrm. units): 0.03670324757695198
Ts. Final MSE (nrm. units): 0.03594246134161949
Tr. Final MdAE (dnrm. units): 0.6826476287841797
Vl. Final MdAE (dnrm. units): 0.7568274831771851
Ts. Final MdAE (dnrm. units): 0.7895635437965393

MODEL 3

Training Finished

Tr. Final MSE (nrm. units): 0.025530215352773666
Vl. Final MSE (nrm. units): 0.035833511501550674
Ts. Final MSE (nrm. units): 0.03580230847001076
Tr. Final MdAE (dnrm. units): 0.6972254085540771
Vl. Final MdAE (dnrm. units): 0.7708251500129699
Ts. Final MdAE (dnrm. units): 0.8053967547416687

MODEL 4

Training Finished

Tr. Final MSE (nrm. units): 0.02457698993384838
Vl. Final MSE (nrm. units): 0.03587834909558296
Ts. Final MSE (nrm. units): 0.036374107003211975
Tr. Final MdAE (dnrm. units): 0.6752003002166748
Vl. Final MdAE (dnrm. units): 0.753574161529541
Ts. Final MdAE (dnrm. units): 0.7941479635238647
